  app.cpp
c:\users\user\documents\visual studio 2017\projects\assessment 2 rebuild\assessment 3\app.cpp(62): warning C4244: 'argument': conversion from 'int' to 'float', possible loss of data
c:\users\user\documents\visual studio 2017\projects\assessment 2 rebuild\assessment 3\app.cpp(82): warning C4244: '=': conversion from 'unsigned int' to 'float', possible loss of data
c:\users\user\documents\visual studio 2017\projects\assessment 2 rebuild\assessment 3\app.cpp(83): warning C4244: '=': conversion from 'unsigned int' to 'float', possible loss of data
c:\users\user\documents\visual studio 2017\projects\assessment 2 rebuild\assessment 3\app.cpp(95): warning C4244: 'argument': conversion from 'int' to 'float', possible loss of data
c:\users\user\documents\visual studio 2017\projects\assessment 2 rebuild\assessment 3\app.cpp(126): warning C4244: 'argument': conversion from 'time_t' to 'unsigned int', possible loss of data
c:\users\user\documents\visual studio 2017\projects\assessment 2 rebuild\assessment 3\app.cpp(130): warning C4244: '=': conversion from 'int' to 'float', possible loss of data
c:\users\user\documents\visual studio 2017\projects\assessment 2 rebuild\assessment 3\app.cpp(131): warning C4244: '=': conversion from 'int' to 'float', possible loss of data
c:\users\user\documents\visual studio 2017\projects\assessment 2 rebuild\assessment 3\app.cpp(142): warning C4244: 'argument': conversion from 'unsigned int' to 'float', possible loss of data
c:\users\user\documents\visual studio 2017\projects\assessment 2 rebuild\assessment 3\app.cpp(147): warning C4244: 'argument': conversion from 'unsigned int' to 'float', possible loss of data
c:\users\user\documents\visual studio 2017\projects\assessment 2 rebuild\assessment 3\app.cpp(234): warning C4244: 'argument': conversion from 'unsigned int' to 'float', possible loss of data
c:\users\user\documents\visual studio 2017\projects\assessment 2 rebuild\assessment 3\app.cpp(270): warning C4244: 'argument': conversion from 'unsigned int' to 'float', possible loss of data
c:\users\user\documents\visual studio 2017\projects\assessment 2 rebuild\assessment 3\app.cpp(223): warning C4996: 'sf::Text::setColor': was declared deprecated
  c:\users\user\documents\sfml-2.4.2-windows-vc14-32-bit\sfml-2.4.2\include\sfml\graphics\text.hpp(177): note: see declaration of 'sf::Text::setColor'
c:\users\user\documents\visual studio 2017\projects\assessment 2 rebuild\assessment 3\app.cpp(229): warning C4996: 'sf::Text::setColor': was declared deprecated
  c:\users\user\documents\sfml-2.4.2-windows-vc14-32-bit\sfml-2.4.2\include\sfml\graphics\text.hpp(177): note: see declaration of 'sf::Text::setColor'
c:\users\user\documents\visual studio 2017\projects\assessment 2 rebuild\assessment 3\app.cpp(235): warning C4996: 'sf::Text::setColor': was declared deprecated
  c:\users\user\documents\sfml-2.4.2-windows-vc14-32-bit\sfml-2.4.2\include\sfml\graphics\text.hpp(177): note: see declaration of 'sf::Text::setColor'
c:\users\user\documents\visual studio 2017\projects\assessment 2 rebuild\assessment 3\app.cpp(241): warning C4996: 'sf::Text::setColor': was declared deprecated
  c:\users\user\documents\sfml-2.4.2-windows-vc14-32-bit\sfml-2.4.2\include\sfml\graphics\text.hpp(177): note: see declaration of 'sf::Text::setColor'
c:\users\user\documents\visual studio 2017\projects\assessment 2 rebuild\assessment 3\app.cpp(247): warning C4996: 'sf::Text::setColor': was declared deprecated
  c:\users\user\documents\sfml-2.4.2-windows-vc14-32-bit\sfml-2.4.2\include\sfml\graphics\text.hpp(177): note: see declaration of 'sf::Text::setColor'
c:\users\user\documents\visual studio 2017\projects\assessment 2 rebuild\assessment 3\app.cpp(253): warning C4996: 'sf::Text::setColor': was declared deprecated
  c:\users\user\documents\sfml-2.4.2-windows-vc14-32-bit\sfml-2.4.2\include\sfml\graphics\text.hpp(177): note: see declaration of 'sf::Text::setColor'
c:\users\user\documents\visual studio 2017\projects\assessment 2 rebuild\assessment 3\app.cpp(259): warning C4996: 'sf::Text::setColor': was declared deprecated
  c:\users\user\documents\sfml-2.4.2-windows-vc14-32-bit\sfml-2.4.2\include\sfml\graphics\text.hpp(177): note: see declaration of 'sf::Text::setColor'
c:\users\user\documents\visual studio 2017\projects\assessment 2 rebuild\assessment 3\app.cpp(265): warning C4996: 'sf::Text::setColor': was declared deprecated
  c:\users\user\documents\sfml-2.4.2-windows-vc14-32-bit\sfml-2.4.2\include\sfml\graphics\text.hpp(177): note: see declaration of 'sf::Text::setColor'
c:\users\user\documents\visual studio 2017\projects\assessment 2 rebuild\assessment 3\app.cpp(271): warning C4996: 'sf::Text::setColor': was declared deprecated
  c:\users\user\documents\sfml-2.4.2-windows-vc14-32-bit\sfml-2.4.2\include\sfml\graphics\text.hpp(177): note: see declaration of 'sf::Text::setColor'
c:\users\user\documents\visual studio 2017\projects\assessment 2 rebuild\assessment 3\app.cpp(277): warning C4996: 'sf::Text::setColor': was declared deprecated
  c:\users\user\documents\sfml-2.4.2-windows-vc14-32-bit\sfml-2.4.2\include\sfml\graphics\text.hpp(177): note: see declaration of 'sf::Text::setColor'
c:\users\user\documents\visual studio 2017\projects\assessment 2 rebuild\assessment 3\app.cpp(501): warning C4244: 'argument': conversion from 'int' to 'float', possible loss of data
c:\users\user\documents\visual studio 2017\projects\assessment 2 rebuild\assessment 3\app.cpp(524): warning C4244: 'argument': conversion from 'int' to 'float', possible loss of data
c:\users\user\documents\visual studio 2017\projects\assessment 2 rebuild\assessment 3\app.cpp(532): warning C4244: 'argument': conversion from 'int' to 'float', possible loss of data
c:\users\user\documents\visual studio 2017\projects\assessment 2 rebuild\assessment 3\app.cpp(559): warning C4244: 'argument': conversion from 'int' to 'float', possible loss of data
c:\users\user\documents\visual studio 2017\projects\assessment 2 rebuild\assessment 3\app.cpp(575): warning C4244: 'argument': conversion from 'int' to 'float', possible loss of data
c:\users\user\documents\visual studio 2017\projects\assessment 2 rebuild\assessment 3\app.cpp(584): warning C4244: 'argument': conversion from 'int' to 'float', possible loss of data
c:\users\user\documents\visual studio 2017\projects\assessment 2 rebuild\assessment 3\app.cpp(593): warning C4244: 'argument': conversion from 'int' to 'float', possible loss of data
c:\users\user\documents\visual studio 2017\projects\assessment 2 rebuild\assessment 3\app.cpp(602): warning C4244: 'argument': conversion from 'int' to 'float', possible loss of data
c:\users\user\documents\visual studio 2017\projects\assessment 2 rebuild\assessment 3\app.cpp(617): warning C4244: 'argument': conversion from 'int' to 'float', possible loss of data
c:\users\user\documents\visual studio 2017\projects\assessment 2 rebuild\assessment 3\app.cpp(626): warning C4244: 'argument': conversion from 'int' to 'float', possible loss of data
c:\users\user\documents\visual studio 2017\projects\assessment 2 rebuild\assessment 3\app.cpp(641): warning C4244: 'argument': conversion from 'int' to 'float', possible loss of data
c:\users\user\documents\visual studio 2017\projects\assessment 2 rebuild\assessment 3\app.cpp(684): warning C4244: 'argument': conversion from 'int' to 'float', possible loss of data
  Generating Code...
  Skipping... (no relevant changes detected)
  main.cpp
  Assessment 3.vcxproj -> C:\Users\user\Documents\Visual Studio 2017\Projects\Assessment 2 Rebuild\Debug\Assessment 3.exe
  Assessment 3.vcxproj -> C:\Users\user\Documents\Visual Studio 2017\Projects\Assessment 2 Rebuild\Debug\Assessment 3.pdb (Partial PDB)
